2024/06/13 15:24:24 [info]  Server socket created A  on socket 5 is now listening on port 8080
2024/06/13 15:24:24 [info]  Server socket created A  on socket 6 is now listening on port 8081
2024/06/13 15:24:24 [info]  Server socket created A  on socket 7 is now listening on port 8082
2024/06/13 15:24:24 [info]  Server socket created A  on socket 8 is now listening on port 8083
2024/06/13 15:24:24 [info]  Server socket created B  on socket 9 is now listening on port 8084
2024/06/13 15:24:24 [info]  Server socket created B  on socket 10 is now listening on port 8085
2024/06/13 15:24:24 [error] Invalid port number on server B , on port 0
2024/06/13 15:24:24 [error] Invalid port number on server B , on port 0
2024/06/13 15:25:28 [info]  Server socket created A  on socket 5 is now listening on port 8080
2024/06/13 15:25:28 [info]  Server socket created A  on socket 6 is now listening on port 8081
2024/06/13 15:25:28 [info]  Server socket created A  on socket 7 is now listening on port 8082
2024/06/13 15:25:28 [info]  Server socket created A  on socket 8 is now listening on port 8083
2024/06/13 15:25:28 [info]  Server socket created B  on socket 9 is now listening on port 8084
2024/06/13 15:25:28 [info]  Server socket created B  on socket 10 is now listening on port 8085
2024/06/13 15:25:28 [error] Invalid port number on server B on port 0
2024/06/13 15:25:28 [error] Invalid port number on server B on port 0
2024/06/13 15:26:26 [info]  Server socket created A on socket 5 is now listening on port 8080
2024/06/13 15:26:26 [info]  Server socket created A on socket 6 is now listening on port 8081
2024/06/13 15:26:26 [info]  Server socket created A on socket 7 is now listening on port 8082
2024/06/13 15:26:26 [info]  Server socket created A on socket 8 is now listening on port 8083
2024/06/13 15:26:26 [info]  Server socket created B on socket 9 is now listening on port 8084
2024/06/13 15:26:26 [info]  Server socket created B on socket 10 is now listening on port 8085
2024/06/13 15:26:26 [error] Invalid port number on server B on port 0
2024/06/13 15:26:26 [error] Invalid port number on server B on port 0
2024/06/13 15:26:47 [info]  Client IP 127.0.0.1 accepted connection from client on socket 11
2024/06/13 15:26:58 [info]  Client IP 127.0.0.1 closed connection from client on socket 11
2024/06/13 15:28:22 [info]  Server socket created A on socket 5 is now listening on port 8080
2024/06/13 15:28:22 [info]  Server socket created A on socket 6 is now listening on port 8081
2024/06/13 15:28:22 [info]  Server socket created A on socket 7 is now listening on port 8082
2024/06/13 15:28:22 [info]  Server socket created A on socket 8 is now listening on port 8083
2024/06/13 15:28:22 [info]  Server socket created B on socket 9 is now listening on port 8084
2024/06/13 15:28:22 [info]  Server socket created B on socket 10 is now listening on port 8085
2024/06/13 15:28:22 [error] Invalid port number on server B on port 0
2024/06/13 15:28:22 [error] Invalid port number on server B on port 0
2024/06/13 15:28:25 [info]  Client IP 127.0.0.1 accepted connection on on socket 11
2024/06/13 15:28:36 [info]  Client IP 127.0.0.1 closed connection from client on socket 11
2024/06/13 15:28:49 [info]  Server socket created A on socket 5 is now listening on port 8080
2024/06/13 15:28:49 [info]  Server socket created A on socket 6 is now listening on port 8081
2024/06/13 15:28:49 [info]  Server socket created A on socket 7 is now listening on port 8082
2024/06/13 15:28:49 [info]  Server socket created A on socket 8 is now listening on port 8083
2024/06/13 15:28:49 [info]  Server socket created B on socket 9 is now listening on port 8084
2024/06/13 15:28:49 [info]  Server socket created B on socket 10 is now listening on port 8085
2024/06/13 15:28:49 [error] Invalid port number on server B on port 0
2024/06/13 15:28:49 [error] Invalid port number on server B on port 0
2024/06/13 15:28:51 [info]  Client IP 127.0.0.1 accepted connection on socket 11
2024/06/13 15:28:55 [info]  Client IP 127.0.0.1 closed connection from client on socket 11
2024/06/13 15:29:47 [info]  Server socket created A on socket 5 is now listening on port 8080
2024/06/13 15:29:47 [info]  Server socket created A on socket 6 is now listening on port 8081
2024/06/13 15:29:47 [info]  Server socket created A on socket 7 is now listening on port 8082
2024/06/13 15:29:47 [info]  Server socket created A on socket 8 is now listening on port 8083
2024/06/13 15:29:47 [info]  Server socket created B on socket 9 is now listening on port 8084
2024/06/13 15:29:47 [info]  Server socket created B on socket 10 is now listening on port 8085
2024/06/13 15:29:47 [error] Invalid port number on server B on port 0
2024/06/13 15:29:47 [error] Invalid port number on server B on port 0
2024/06/13 15:29:49 [info]  Client IP 127.0.0.1 accepted connection on socket 11
2024/06/13 15:29:51 [info]  Client IP 127.0.0.1 accepted connection on socket 12
2024/06/13 15:29:52 [info]  Client IP 127.0.0.1 closed connection on socket 12
2024/06/13 15:29:54 [info]  Client IP 127.0.0.1 closed connection on socket 11
